<?xml version="1.0" encoding="UTF-8"?>
<!-- Generated by org.testng.reporters.JUnitXMLReporter -->
<testsuite hostname="DESKTOP-CGJKOVL" ignored="0" name="Test" tests="4" failures="1" timestamp="2021-03-03T10:52:31 IST" time="13.304" errors="0">
  <testcase name="runScenario" time="7.375" classname="io.cucumber.testng.AbstractTestNGCucumberTests"/>
  <testcase name="runScenario" time="1.458" classname="io.cucumber.testng.AbstractTestNGCucumberTests"/>
  <testcase name="runScenario" time="1.089" classname="io.cucumber.testng.AbstractTestNGCucumberTests"/>
  <testcase name="runScenario" time="1.265" classname="io.cucumber.testng.AbstractTestNGCucumberTests">
    <failure type="java.lang.AssertionError" message="expected [true] but found [false]">
      <![CDATA[java.lang.AssertionError: expected [true] but found [false]
at gluecode.StepDefs2.method10(StepDefs2.java:53)
at âœ½.status code is "200" as per "duplicate" and content type is "application/json"(file:///C:/Users/mahesh%20reddy%20lucky/Documents/apitestsource/8org.magnitia.ra-bdd-pico-testng/src/test/resources/features/feature2.feature:9)
... Removed 4 stack frames]]>
    </failure>
  </testcase> <!-- runScenario -->
</testsuite> <!-- Test -->
