<?xml version="1.0" encoding="UTF-8"?>
<testng-results skipped="0" failed="1" ignored="0" total="4" passed="3">
  <reporter-output>
  </reporter-output>
  <suite name="Suite" duration-ms="13304" started-at="2021-03-03T10:52:18 IST" finished-at="2021-03-03T10:52:31 IST">
    <groups>
      <group name="cucumber">
        <method signature="AbstractTestNGCucumberTests.runScenario(io.cucumber.testng.PickleWrapper, io.cucumber.testng.FeatureWrapper)[pri:0, instance:tests.Runner1@670b40af]" name="runScenario" class="io.cucumber.testng.AbstractTestNGCucumberTests"/>
      </group> <!-- cucumber -->
    </groups>
    <test name="Test" duration-ms="13304" started-at="2021-03-03T10:52:18 IST" finished-at="2021-03-03T10:52:31 IST">
      <class name="tests.Runner1">
        <test-method status="PASS" signature="setUpClass()[pri:0, instance:tests.Runner1@670b40af]" name="setUpClass" is-config="true" duration-ms="1458" started-at="2021-03-03T10:52:18 IST" finished-at="2021-03-03T10:52:20 IST">
          <reporter-output>
          </reporter-output>
        </test-method> <!-- setUpClass -->
        <test-method status="PASS" signature="runScenario(io.cucumber.testng.PickleWrapper, io.cucumber.testng.FeatureWrapper)[pri:0, instance:tests.Runner1@670b40af]" name="runScenario" duration-ms="7375" started-at="2021-03-03T10:52:20 IST" description="Runs Cucumber Scenarios" data-provider="scenarios" finished-at="2021-03-03T10:52:27 IST">
          <params>
            <param index="0">
              <value>
                <![CDATA["get all posts"]]>
              </value>
            </param>
            <param index="1">
              <value>
                <![CDATA["Optional[get employees details]"]]>
              </value>
            </param>
          </params>
          <reporter-output>
          </reporter-output>
        </test-method> <!-- runScenario -->
        <test-method status="PASS" signature="runScenario(io.cucumber.testng.PickleWrapper, io.cucumber.testng.FeatureWrapper)[pri:0, instance:tests.Runner1@670b40af]" name="runScenario" duration-ms="1458" started-at="2021-03-03T10:52:27 IST" description="Runs Cucumber Scenarios" data-provider="scenarios" finished-at="2021-03-03T10:52:29 IST">
          <params>
            <param index="0">
              <value>
                <![CDATA["create a new post"]]>
              </value>
            </param>
            <param index="1">
              <value>
                <![CDATA["Optional[post creation]"]]>
              </value>
            </param>
          </params>
          <reporter-output>
          </reporter-output>
        </test-method> <!-- runScenario -->
        <test-method status="PASS" signature="runScenario(io.cucumber.testng.PickleWrapper, io.cucumber.testng.FeatureWrapper)[pri:0, instance:tests.Runner1@670b40af]" name="runScenario" duration-ms="1089" started-at="2021-03-03T10:52:29 IST" description="Runs Cucumber Scenarios" data-provider="scenarios" finished-at="2021-03-03T10:52:30 IST">
          <params>
            <param index="0">
              <value>
                <![CDATA["create a new post"]]>
              </value>
            </param>
            <param index="1">
              <value>
                <![CDATA["Optional[post creation]"]]>
              </value>
            </param>
          </params>
          <reporter-output>
          </reporter-output>
        </test-method> <!-- runScenario -->
        <test-method status="FAIL" signature="runScenario(io.cucumber.testng.PickleWrapper, io.cucumber.testng.FeatureWrapper)[pri:0, instance:tests.Runner1@670b40af]" name="runScenario" duration-ms="1265" started-at="2021-03-03T10:52:30 IST" description="Runs Cucumber Scenarios" data-provider="scenarios" finished-at="2021-03-03T10:52:31 IST">
          <params>
            <param index="0">
              <value>
                <![CDATA["create a new post"]]>
              </value>
            </param>
            <param index="1">
              <value>
                <![CDATA["Optional[post creation]"]]>
              </value>
            </param>
          </params>
          <exception class="java.lang.AssertionError">
            <message>
              <![CDATA[expected [true] but found [false]]]>
            </message>
            <full-stacktrace>
              <![CDATA[java.lang.AssertionError: expected [true] but found [false]
at org.testng.Assert.fail(Assert.java:99)
at org.testng.Assert.failNotEquals(Assert.java:1037)
at org.testng.Assert.assertTrue(Assert.java:45)
at org.testng.Assert.assertTrue(Assert.java:55)
at gluecode.StepDefs2.method10(StepDefs2.java:53)
at âœ½.status code is "200" as per "duplicate" and content type is "application/json"(file:///C:/Users/mahesh%20reddy%20lucky/Documents/apitestsource/8org.magnitia.ra-bdd-pico-testng/src/test/resources/features/feature2.feature:9)
]]>
            </full-stacktrace>
          </exception> <!-- java.lang.AssertionError -->
          <reporter-output>
          </reporter-output>
        </test-method> <!-- runScenario -->
        <test-method status="PASS" signature="tearDownClass()[pri:0, instance:tests.Runner1@670b40af]" name="tearDownClass" is-config="true" duration-ms="588" started-at="2021-03-03T10:52:31 IST" finished-at="2021-03-03T10:52:31 IST">
          <reporter-output>
          </reporter-output>
        </test-method> <!-- tearDownClass -->
      </class> <!-- tests.Runner1 -->
    </test> <!-- Test -->
  </suite> <!-- Suite -->
</testng-results>
